This file contains any messages produced by compilers while
running configure, to aid debugging if configure makes a mistake.

It was created by configure, which was
generated by GNU Autoconf 2.69.  Invocation command line was

  $ ./configure 

## --------- ##
## Platform. ##
## --------- ##

hostname = JIaqideMacBook-Pro.local
uname -m = x86_64
uname -r = 18.7.0
uname -s = Darwin
uname -v = Darwin Kernel Version 18.7.0: Tue Jan 12 22:04:47 PST 2021; root:xnu-4903.278.56~1/RELEASE_X86_64

/usr/bin/uname -p = i386
/bin/uname -X     = unknown

/bin/arch              = unknown
/usr/bin/arch -k       = unknown
/usr/convex/getsysinfo = unknown
/usr/bin/hostinfo      = Mach kernel version:
	 Darwin Kernel Version 18.7.0: Tue Jan 12 22:04:47 PST 2021; root:xnu-4903.278.56~1/RELEASE_X86_64
Kernel configured for up to 8 processors.
4 processors are physically available.
8 processors are logically available.
Processor type: x86_64h (Intel x86-64h Haswell)
Processors active: 0 1 2 3 4 5 6 7
Primary memory available: 16.00 gigabytes
Default processor set: 369 tasks, 1380 threads, 8 processors
Load average: 1.18, Mach factor: 6.80
/bin/machine           = unknown
/usr/bin/oslevel       = unknown
/bin/universe          = unknown

PATH: //anaconda3/bin
PATH: //anaconda3/condabin
PATH: /usr/local/bin
PATH: /usr/bin
PATH: /bin
PATH: /usr/sbin
PATH: /sbin
PATH: /Applications/Postgres.app/Contents/Versions/latest/bin


## ----------- ##
## Core tests. ##
## ----------- ##

configure:2499: checking build system type
configure:2513: result: x86_64-apple-darwin18.7.0
configure:2533: checking host system type
configure:2546: result: x86_64-apple-darwin18.7.0
configure:2623: checking for gcc
configure:2639: found /usr/bin/gcc
configure:2650: result: gcc
configure:2879: checking for C compiler version
configure:2888: gcc --version >&5
Apple LLVM version 10.0.1 (clang-1001.0.46.4)
Target: x86_64-apple-darwin18.7.0
Thread model: posix
InstalledDir: /Library/Developer/CommandLineTools/usr/bin
Configured with: --prefix=/Library/Developer/CommandLineTools/usr --with-gxx-include-dir=/Library/Developer/CommandLineTools/SDKs/MacOSX10.14.sdk/usr/include/c++/4.2.1
configure:2899: $? = 0
configure:2888: gcc -v >&5
Configured with: --prefix=/Library/Developer/CommandLineTools/usr --with-gxx-include-dir=/Library/Developer/CommandLineTools/SDKs/MacOSX10.14.sdk/usr/include/c++/4.2.1
Apple LLVM version 10.0.1 (clang-1001.0.46.4)
Target: x86_64-apple-darwin18.7.0
Thread model: posix
InstalledDir: /Library/Developer/CommandLineTools/usr/bin
configure:2899: $? = 0
configure:2888: gcc -V >&5
clang: error: unsupported option '-V -Wno-atomic-implicit-seq-cst'
clang: error: no input files
configure:2899: $? = 1
configure:2888: gcc -qversion >&5
clang: error: unknown argument '-qversion', did you mean '--version'?
clang: error: no input files
configure:2899: $? = 1
configure:2919: checking whether the C compiler works
configure:2941: gcc    conftest.c  >&5
configure:2945: $? = 0
configure:2993: result: yes
configure:2996: checking for C compiler default output file name
configure:2998: result: a.out
configure:3004: checking for suffix of executables
configure:3011: gcc -o conftest    conftest.c  >&5
configure:3015: $? = 0
configure:3037: result: 
configure:3059: checking whether we are cross compiling
configure:3067: gcc -o conftest    conftest.c  >&5
configure:3071: $? = 0
configure:3078: ./conftest
configure:3082: $? = 0
configure:3097: result: no
configure:3102: checking for suffix of object files
configure:3124: gcc -c   conftest.c >&5
configure:3128: $? = 0
configure:3149: result: o
configure:3153: checking whether we are using the GNU C compiler
configure:3172: gcc -c   conftest.c >&5
configure:3172: $? = 0
configure:3181: result: yes
configure:3190: checking whether gcc accepts -g
configure:3210: gcc -c -g  conftest.c >&5
configure:3210: $? = 0
configure:3251: result: yes
configure:3268: checking for gcc option to accept ISO C89
configure:3331: gcc  -c   conftest.c >&5
configure:3331: $? = 0
configure:3344: result: none needed
configure:3422: checking for g++
configure:3438: found /usr/bin/g++
configure:3449: result: g++
configure:3476: checking for C++ compiler version
configure:3485: g++ --version >&5
Apple LLVM version 10.0.1 (clang-1001.0.46.4)
Target: x86_64-apple-darwin18.7.0
Thread model: posix
InstalledDir: /Library/Developer/CommandLineTools/usr/bin
Configured with: --prefix=/Library/Developer/CommandLineTools/usr --with-gxx-include-dir=/Library/Developer/CommandLineTools/SDKs/MacOSX10.14.sdk/usr/include/c++/4.2.1
configure:3496: $? = 0
configure:3485: g++ -v >&5
Configured with: --prefix=/Library/Developer/CommandLineTools/usr --with-gxx-include-dir=/Library/Developer/CommandLineTools/SDKs/MacOSX10.14.sdk/usr/include/c++/4.2.1
Apple LLVM version 10.0.1 (clang-1001.0.46.4)
Target: x86_64-apple-darwin18.7.0
Thread model: posix
InstalledDir: /Library/Developer/CommandLineTools/usr/bin
configure:3496: $? = 0
configure:3485: g++ -V >&5
clang: error: unsupported option '-V -Wno-atomic-implicit-seq-cst'
clang: error: no input files
configure:3496: $? = 1
configure:3485: g++ -qversion >&5
clang: error: unknown argument '-qversion', did you mean '--version'?
clang: error: no input files
configure:3496: $? = 1
configure:3500: checking whether we are using the GNU C++ compiler
configure:3519: g++ -c   conftest.cpp >&5
configure:3519: $? = 0
configure:3528: result: yes
configure:3537: checking whether g++ accepts -g
configure:3557: g++ -c -g  conftest.cpp >&5
configure:3557: $? = 0
configure:3598: result: yes
configure:4101: checking for a BSD-compatible install
configure:4169: result: /usr/bin/install -c
configure:4191: checking for nroff
configure:4209: found /usr/bin/nroff
configure:4221: result: /usr/bin/nroff
configure:4279: checking for doxygen
configure:4312: result: no
configure:4361: checking for ranlib
configure:4377: found /usr/bin/ranlib
configure:4388: result: ranlib
configure:4456: checking for ar
configure:4474: found /usr/bin/ar
configure:4486: result: /usr/bin/ar
configure:4567: checking for windres
configure:4600: result: no
configure:4626: checking how to run the C preprocessor
configure:4657: gcc -E  conftest.c
configure:4657: $? = 0
configure:4671: gcc -E  conftest.c
conftest.c:9:10: fatal error: 'ac_nonexistent.h' file not found
#include <ac_nonexistent.h>
         ^~~~~~~~~~~~~~~~~~
1 error generated.
configure:4671: $? = 1
configure: failed program was:
| /* confdefs.h */
| #define PACKAGE_NAME ""
| #define PACKAGE_TARNAME ""
| #define PACKAGE_VERSION ""
| #define PACKAGE_STRING ""
| #define PACKAGE_BUGREPORT ""
| #define PACKAGE_URL ""
| /* end confdefs.h.  */
| #include <ac_nonexistent.h>
configure:4696: result: gcc -E
configure:4716: gcc -E  conftest.c
configure:4716: $? = 0
configure:4730: gcc -E  conftest.c
conftest.c:9:10: fatal error: 'ac_nonexistent.h' file not found
#include <ac_nonexistent.h>
         ^~~~~~~~~~~~~~~~~~
1 error generated.
configure:4730: $? = 1
configure: failed program was:
| /* confdefs.h */
| #define PACKAGE_NAME ""
| #define PACKAGE_TARNAME ""
| #define PACKAGE_VERSION ""
| #define PACKAGE_STRING ""
| #define PACKAGE_BUGREPORT ""
| #define PACKAGE_URL ""
| /* end confdefs.h.  */
| #include <ac_nonexistent.h>
configure:4759: checking for grep that handles long lines and -e
configure:4817: result: /usr/bin/grep
configure:4822: checking for egrep
configure:4884: result: /usr/bin/grep -E
configure:4889: checking for ANSI C header files
configure:4909: gcc -c   conftest.c >&5
configure:4909: $? = 0
configure:4982: gcc -o conftest    conftest.c  >&5
configure:4982: $? = 0
configure:4982: ./conftest
configure:4982: $? = 0
configure:4993: result: yes
configure:5006: checking for sys/types.h
configure:5006: gcc -c   conftest.c >&5
configure:5006: $? = 0
configure:5006: result: yes
configure:5006: checking for sys/stat.h
configure:5006: gcc -c   conftest.c >&5
configure:5006: $? = 0
configure:5006: result: yes
configure:5006: checking for stdlib.h
configure:5006: gcc -c   conftest.c >&5
configure:5006: $? = 0
configure:5006: result: yes
configure:5006: checking for string.h
configure:5006: gcc -c   conftest.c >&5
configure:5006: $? = 0
configure:5006: result: yes
configure:5006: checking for memory.h
configure:5006: gcc -c   conftest.c >&5
configure:5006: $? = 0
configure:5006: result: yes
configure:5006: checking for strings.h
configure:5006: gcc -c   conftest.c >&5
configure:5006: $? = 0
configure:5006: result: yes
configure:5006: checking for inttypes.h
configure:5006: gcc -c   conftest.c >&5
configure:5006: $? = 0
configure:5006: result: yes
configure:5006: checking for stdint.h
configure:5006: gcc -c   conftest.c >&5
configure:5006: $? = 0
configure:5006: result: yes
configure:5006: checking for unistd.h
configure:5006: gcc -c   conftest.c >&5
configure:5006: $? = 0
configure:5006: result: yes
configure:5022: checking size of short
configure:5027: gcc -o conftest    conftest.c  >&5
configure:5027: $? = 0
configure:5027: ./conftest
configure:5027: $? = 0
configure:5041: result: 2
configure:5055: checking size of int
configure:5060: gcc -o conftest    conftest.c  >&5
configure:5060: $? = 0
configure:5060: ./conftest
configure:5060: $? = 0
configure:5074: result: 4
configure:5088: checking size of long
configure:5093: gcc -o conftest    conftest.c  >&5
configure:5093: $? = 0
configure:5093: ./conftest
configure:5093: $? = 0
configure:5107: result: 8
configure:5371: checking whether the compiler recognizes bool as a built-in type
configure:5401: g++ -c   conftest.cpp >&5
configure:5401: $? = 0
configure:5415: result: yes
configure:5425: checking for dirent.h that defines DIR
configure:5444: gcc -c   conftest.c >&5
configure:5444: $? = 0
configure:5452: result: yes
configure:5465: checking for library containing opendir
configure:5496: gcc -o conftest    conftest.c  >&5
configure:5496: $? = 0
configure:5513: result: none required
configure:5583: checking sys/select.h usability
configure:5583: gcc -c   conftest.c >&5
configure:5583: $? = 0
configure:5583: result: yes
configure:5583: checking sys/select.h presence
configure:5583: gcc -E  conftest.c
configure:5583: $? = 0
configure:5583: result: yes
configure:5583: checking for sys/select.h
configure:5583: result: yes
configure:5583: checking sys/stdtypes.h usability
configure:5583: gcc -c   conftest.c >&5
conftest.c:59:10: fatal error: 'sys/stdtypes.h' file not found
#include <sys/stdtypes.h>
         ^~~~~~~~~~~~~~~~
1 error generated.
configure:5583: $? = 1
configure: failed program was:
| /* confdefs.h */
| #define PACKAGE_NAME ""
| #define PACKAGE_TARNAME ""
| #define PACKAGE_VERSION ""
| #define PACKAGE_STRING ""
| #define PACKAGE_BUGREPORT ""
| #define PACKAGE_URL ""
| #define STDC_HEADERS 1
| #define HAVE_SYS_TYPES_H 1
| #define HAVE_SYS_STAT_H 1
| #define HAVE_STDLIB_H 1
| #define HAVE_STRING_H 1
| #define HAVE_MEMORY_H 1
| #define HAVE_STRINGS_H 1
| #define HAVE_INTTYPES_H 1
| #define HAVE_STDINT_H 1
| #define HAVE_UNISTD_H 1
| #define SIZEOF_SHORT 2
| #define SIZEOF_INT 4
| #define SIZEOF_LONG 8
| #define U16 unsigned short
| #define U32 unsigned
| #define HAVE_DIRENT_H 1
| #define HAVE_SYS_SELECT_H 1
| /* end confdefs.h.  */
| #include <stdio.h>
| #ifdef HAVE_SYS_TYPES_H
| # include <sys/types.h>
| #endif
| #ifdef HAVE_SYS_STAT_H
| # include <sys/stat.h>
| #endif
| #ifdef STDC_HEADERS
| # include <stdlib.h>
| # include <stddef.h>
| #else
| # ifdef HAVE_STDLIB_H
| #  include <stdlib.h>
| # endif
| #endif
| #ifdef HAVE_STRING_H
| # if !defined STDC_HEADERS && defined HAVE_MEMORY_H
| #  include <memory.h>
| # endif
| # include <string.h>
| #endif
| #ifdef HAVE_STRINGS_H
| # include <strings.h>
| #endif
| #ifdef HAVE_INTTYPES_H
| # include <inttypes.h>
| #endif
| #ifdef HAVE_STDINT_H
| # include <stdint.h>
| #endif
| #ifdef HAVE_UNISTD_H
| # include <unistd.h>
| #endif
| #include <sys/stdtypes.h>
configure:5583: result: no
configure:5583: checking sys/stdtypes.h presence
configure:5583: gcc -E  conftest.c
conftest.c:26:10: fatal error: 'sys/stdtypes.h' file not found
#include <sys/stdtypes.h>
         ^~~~~~~~~~~~~~~~
1 error generated.
configure:5583: $? = 1
configure: failed program was:
| /* confdefs.h */
| #define PACKAGE_NAME ""
| #define PACKAGE_TARNAME ""
| #define PACKAGE_VERSION ""
| #define PACKAGE_STRING ""
| #define PACKAGE_BUGREPORT ""
| #define PACKAGE_URL ""
| #define STDC_HEADERS 1
| #define HAVE_SYS_TYPES_H 1
| #define HAVE_SYS_STAT_H 1
| #define HAVE_STDLIB_H 1
| #define HAVE_STRING_H 1
| #define HAVE_MEMORY_H 1
| #define HAVE_STRINGS_H 1
| #define HAVE_INTTYPES_H 1
| #define HAVE_STDINT_H 1
| #define HAVE_UNISTD_H 1
| #define SIZEOF_SHORT 2
| #define SIZEOF_INT 4
| #define SIZEOF_LONG 8
| #define U16 unsigned short
| #define U32 unsigned
| #define HAVE_DIRENT_H 1
| #define HAVE_SYS_SELECT_H 1
| /* end confdefs.h.  */
| #include <sys/stdtypes.h>
configure:5583: result: no
configure:5583: checking for sys/stdtypes.h
configure:5583: result: no
configure:5594: checking whether we have the POSIX compatible scandir() prototype
configure:5623: g++ -c   conftest.cpp >&5
configure:5623: $? = 0
configure:5637: result: yes
configure:5663: checking for vsnprintf
configure:5663: gcc -o conftest    conftest.c  >&5
conftest.c:51:6: warning: incompatible redeclaration of library function 'vsnprintf' [-Wincompatible-library-redeclaration]
char vsnprintf ();
     ^
conftest.c:51:6: note: 'vsnprintf' is a builtin with type 'int (char *, unsigned long, const char *, struct __va_list_tag *)'
1 warning generated.
configure:5663: $? = 0
configure:5663: result: yes
configure:5682: checking for snprintf
configure:5682: gcc -o conftest    conftest.c  >&5
conftest.c:52:6: warning: incompatible redeclaration of library function 'snprintf' [-Wincompatible-library-redeclaration]
char snprintf ();
     ^
conftest.c:52:6: note: 'snprintf' is a builtin with type 'int (char *, unsigned long, const char *, ...)'
1 warning generated.
configure:5682: $? = 0
configure:5682: result: yes
configure:5703: checking for strings.h
configure:5703: result: yes
configure:5716: checking for strcasecmp
configure:5716: gcc -o conftest    conftest.c  >&5
conftest.c:54:6: warning: incompatible redeclaration of library function 'strcasecmp' [-Wincompatible-library-redeclaration]
char strcasecmp ();
     ^
conftest.c:54:6: note: 'strcasecmp' is a builtin with type 'int (const char *, const char *)'
1 warning generated.
configure:5716: $? = 0
configure:5716: result: yes
configure:5716: checking for strlcat
configure:5716: gcc -o conftest    conftest.c  >&5
conftest.c:55:6: warning: incompatible redeclaration of library function 'strlcat' [-Wincompatible-library-redeclaration]
char strlcat ();
     ^
conftest.c:55:6: note: 'strlcat' is a builtin with type 'unsigned long (char *, const char *, unsigned long)'
1 warning generated.
configure:5716: $? = 0
configure:5716: result: yes
configure:5716: checking for strlcpy
configure:5716: gcc -o conftest    conftest.c  >&5
conftest.c:56:6: warning: incompatible redeclaration of library function 'strlcpy' [-Wincompatible-library-redeclaration]
char strlcpy ();
     ^
conftest.c:56:6: note: 'strlcpy' is a builtin with type 'unsigned long (char *, const char *, unsigned long)'
1 warning generated.
configure:5716: $? = 0
configure:5716: result: yes
configure:5728: checking locale.h usability
configure:5728: gcc -c   conftest.c >&5
configure:5728: $? = 0
configure:5728: result: yes
configure:5728: checking locale.h presence
configure:5728: gcc -E  conftest.c
configure:5728: $? = 0
configure:5728: result: yes
configure:5728: checking for locale.h
configure:5728: result: yes
configure:5740: checking for localeconv
configure:5740: gcc -o conftest    conftest.c  >&5
configure:5740: $? = 0
configure:5740: result: yes
configure:5750: checking for library containing pow
configure:5781: gcc -o conftest    conftest.c  >&5
conftest.c:43:6: warning: incompatible redeclaration of library function 'pow' [-Wincompatible-library-redeclaration]
char pow ();
     ^
conftest.c:43:6: note: 'pow' is a builtin with type 'double (double, double)'
1 warning generated.
configure:5781: $? = 0
configure:5798: result: none required
configure:5814: checking for special C compiler options needed for large files
configure:5859: result: no
configure:5865: checking for _FILE_OFFSET_BITS value needed for large files
configure:5890: gcc -c   conftest.c >&5
configure:5890: $? = 0
configure:5922: result: no
configure:6022: checking for long long int
configure:6049: result: yes
configure:6057: checking for library containing dlsym
configure:6088: gcc -o conftest    conftest.c  >&5
configure:6088: $? = 0
configure:6105: result: none required
configure:6114: checking dlfcn.h usability
configure:6114: gcc -c   conftest.c >&5
configure:6114: $? = 0
configure:6114: result: yes
configure:6114: checking dlfcn.h presence
configure:6114: gcc -E  conftest.c
configure:6114: $? = 0
configure:6114: result: yes
configure:6114: checking for dlfcn.h
configure:6114: result: yes
configure:6166: checking for jpeg_CreateCompress in -ljpeg
configure:6191: gcc -o conftest    conftest.c -ljpeg   >&5
ld: library not found for -ljpeg
clang: error: linker command failed with exit code 1 (use -v to see invocation)
configure:6191: $? = 1
configure: failed program was:
| /* confdefs.h */
| #define PACKAGE_NAME ""
| #define PACKAGE_TARNAME ""
| #define PACKAGE_VERSION ""
| #define PACKAGE_STRING ""
| #define PACKAGE_BUGREPORT ""
| #define PACKAGE_URL ""
| #define STDC_HEADERS 1
| #define HAVE_SYS_TYPES_H 1
| #define HAVE_SYS_STAT_H 1
| #define HAVE_STDLIB_H 1
| #define HAVE_STRING_H 1
| #define HAVE_MEMORY_H 1
| #define HAVE_STRINGS_H 1
| #define HAVE_INTTYPES_H 1
| #define HAVE_STDINT_H 1
| #define HAVE_UNISTD_H 1
| #define SIZEOF_SHORT 2
| #define SIZEOF_INT 4
| #define SIZEOF_LONG 8
| #define U16 unsigned short
| #define U32 unsigned
| #define HAVE_DIRENT_H 1
| #define HAVE_SYS_SELECT_H 1
| #define HAVE_SCANDIR 1
| #define HAVE_SCANDIR_POSIX 1
| #define HAVE_VSNPRINTF 1
| #define HAVE_SNPRINTF 1
| #define HAVE_STRINGS_H 1
| #define HAVE_STRCASECMP 1
| #define HAVE_STRLCAT 1
| #define HAVE_STRLCPY 1
| #define HAVE_LOCALE_H 1
| #define HAVE_LOCALECONV 1
| #define HAVE_LONG_LONG 1
| #define HAVE_DLSYM 1
| #define HAVE_DLFCN_H 1
| /* end confdefs.h.  */
| 
| /* Override any GCC internal prototype to avoid an error.
|    Use char because int might match the return type of a GCC
|    builtin and then its argument prototype would still apply.  */
| #ifdef __cplusplus
| extern "C"
| #endif
| char jpeg_CreateCompress ();
| int
| main ()
| {
| return jpeg_CreateCompress ();
|   ;
|   return 0;
| }
configure:6200: result: no
configure:6250: checking for gzgets in -lz
configure:6275: gcc -o conftest    conftest.c -lz   >&5
configure:6275: $? = 0
configure:6284: result: yes
configure:6287: checking zlib.h usability
configure:6287: gcc -c   conftest.c >&5
configure:6287: $? = 0
configure:6287: result: yes
configure:6287: checking zlib.h presence
configure:6287: gcc -E  conftest.c
configure:6287: $? = 0
configure:6287: result: yes
configure:6287: checking for zlib.h
configure:6287: result: yes
configure:6338: checking for png_read_info in -lpng
configure:6363: gcc -o conftest    conftest.c -lpng  -lz  >&5
configure:6363: $? = 0
configure:6372: result: yes
configure:6375: checking png.h usability
configure:6375: gcc -c   conftest.c >&5
configure:6375: $? = 0
configure:6375: result: yes
configure:6375: checking png.h presence
configure:6375: gcc -E  conftest.c
configure:6375: $? = 0
configure:6375: result: yes
configure:6375: checking for png.h
configure:6375: result: yes
configure:6383: checking libpng/png.h usability
configure:6383: gcc -c   conftest.c >&5
conftest.c:75:10: fatal error: 'libpng/png.h' file not found
#include <libpng/png.h>
         ^~~~~~~~~~~~~~
1 error generated.
configure:6383: $? = 1
configure: failed program was:
| /* confdefs.h */
| #define PACKAGE_NAME ""
| #define PACKAGE_TARNAME ""
| #define PACKAGE_VERSION ""
| #define PACKAGE_STRING ""
| #define PACKAGE_BUGREPORT ""
| #define PACKAGE_URL ""
| #define STDC_HEADERS 1
| #define HAVE_SYS_TYPES_H 1
| #define HAVE_SYS_STAT_H 1
| #define HAVE_STDLIB_H 1
| #define HAVE_STRING_H 1
| #define HAVE_MEMORY_H 1
| #define HAVE_STRINGS_H 1
| #define HAVE_INTTYPES_H 1
| #define HAVE_STDINT_H 1
| #define HAVE_UNISTD_H 1
| #define SIZEOF_SHORT 2
| #define SIZEOF_INT 4
| #define SIZEOF_LONG 8
| #define U16 unsigned short
| #define U32 unsigned
| #define HAVE_DIRENT_H 1
| #define HAVE_SYS_SELECT_H 1
| #define HAVE_SCANDIR 1
| #define HAVE_SCANDIR_POSIX 1
| #define HAVE_VSNPRINTF 1
| #define HAVE_SNPRINTF 1
| #define HAVE_STRINGS_H 1
| #define HAVE_STRCASECMP 1
| #define HAVE_STRLCAT 1
| #define HAVE_STRLCPY 1
| #define HAVE_LOCALE_H 1
| #define HAVE_LOCALECONV 1
| #define HAVE_LONG_LONG 1
| #define HAVE_DLSYM 1
| #define HAVE_DLFCN_H 1
| #define HAVE_LIBJPEG 1
| #define HAVE_LIBZ 1
| #define HAVE_PNG_H 1
| /* end confdefs.h.  */
| #include <stdio.h>
| #ifdef HAVE_SYS_TYPES_H
| # include <sys/types.h>
| #endif
| #ifdef HAVE_SYS_STAT_H
| # include <sys/stat.h>
| #endif
| #ifdef STDC_HEADERS
| # include <stdlib.h>
| # include <stddef.h>
| #else
| # ifdef HAVE_STDLIB_H
| #  include <stdlib.h>
| # endif
| #endif
| #ifdef HAVE_STRING_H
| # if !defined STDC_HEADERS && defined HAVE_MEMORY_H
| #  include <memory.h>
| # endif
| # include <string.h>
| #endif
| #ifdef HAVE_STRINGS_H
| # include <strings.h>
| #endif
| #ifdef HAVE_INTTYPES_H
| # include <inttypes.h>
| #endif
| #ifdef HAVE_STDINT_H
| # include <stdint.h>
| #endif
| #ifdef HAVE_UNISTD_H
| # include <unistd.h>
| #endif
| #include <libpng/png.h>
configure:6383: result: no
configure:6383: checking libpng/png.h presence
configure:6383: gcc -E  conftest.c
conftest.c:42:10: fatal error: 'libpng/png.h' file not found
#include <libpng/png.h>
         ^~~~~~~~~~~~~~
1 error generated.
configure:6383: $? = 1
configure: failed program was:
| /* confdefs.h */
| #define PACKAGE_NAME ""
| #define PACKAGE_TARNAME ""
| #define PACKAGE_VERSION ""
| #define PACKAGE_STRING ""
| #define PACKAGE_BUGREPORT ""
| #define PACKAGE_URL ""
| #define STDC_HEADERS 1
| #define HAVE_SYS_TYPES_H 1
| #define HAVE_SYS_STAT_H 1
| #define HAVE_STDLIB_H 1
| #define HAVE_STRING_H 1
| #define HAVE_MEMORY_H 1
| #define HAVE_STRINGS_H 1
| #define HAVE_INTTYPES_H 1
| #define HAVE_STDINT_H 1
| #define HAVE_UNISTD_H 1
| #define SIZEOF_SHORT 2
| #define SIZEOF_INT 4
| #define SIZEOF_LONG 8
| #define U16 unsigned short
| #define U32 unsigned
| #define HAVE_DIRENT_H 1
| #define HAVE_SYS_SELECT_H 1
| #define HAVE_SCANDIR 1
| #define HAVE_SCANDIR_POSIX 1
| #define HAVE_VSNPRINTF 1
| #define HAVE_SNPRINTF 1
| #define HAVE_STRINGS_H 1
| #define HAVE_STRCASECMP 1
| #define HAVE_STRLCAT 1
| #define HAVE_STRLCPY 1
| #define HAVE_LOCALE_H 1
| #define HAVE_LOCALECONV 1
| #define HAVE_LONG_LONG 1
| #define HAVE_DLSYM 1
| #define HAVE_DLFCN_H 1
| #define HAVE_LIBJPEG 1
| #define HAVE_LIBZ 1
| #define HAVE_PNG_H 1
| /* end confdefs.h.  */
| #include <libpng/png.h>
configure:6383: result: no
configure:6383: checking for libpng/png.h
configure:6383: result: no
configure:6424: checking for png_get_valid in -lpng
configure:6449: gcc -o conftest    conftest.c -lpng  -lz  >&5
configure:6449: $? = 0
configure:6458: result: yes
configure:6465: checking for png_set_tRNS_to_alpha in -lpng
configure:6490: gcc -o conftest    conftest.c -lpng  -lz  >&5
configure:6490: $? = 0
configure:6499: result: yes
configure:6539: checking pthread.h usability
configure:6539: gcc -c   conftest.c >&5
configure:6539: $? = 0
configure:6539: result: yes
configure:6539: checking pthread.h presence
configure:6539: gcc -E  conftest.c
configure:6539: $? = 0
configure:6539: result: yes
configure:6539: checking for pthread.h
configure:6539: result: yes
configure:6552: checking for pthread_create using -lpthreads
configure:6567: gcc -o conftest    conftest.c -lpthreads  >&5
conftest.c:50:26: warning: null passed to a callee that requires a non-null argument [-Wnonnull]
pthread_create(0, 0, 0, 0);
               ~         ^
conftest.c:50:26: warning: null passed to a callee that requires a non-null argument [-Wnonnull]
pthread_create(0, 0, 0, 0);
                     ~   ^
2 warnings generated.
ld: library not found for -lpthreads
clang: error: linker command failed with exit code 1 (use -v to see invocation)
configure:6567: $? = 1
configure: failed program was:
| /* confdefs.h */
| #define PACKAGE_NAME ""
| #define PACKAGE_TARNAME ""
| #define PACKAGE_VERSION ""
| #define PACKAGE_STRING ""
| #define PACKAGE_BUGREPORT ""
| #define PACKAGE_URL ""
| #define STDC_HEADERS 1
| #define HAVE_SYS_TYPES_H 1
| #define HAVE_SYS_STAT_H 1
| #define HAVE_STDLIB_H 1
| #define HAVE_STRING_H 1
| #define HAVE_MEMORY_H 1
| #define HAVE_STRINGS_H 1
| #define HAVE_INTTYPES_H 1
| #define HAVE_STDINT_H 1
| #define HAVE_UNISTD_H 1
| #define SIZEOF_SHORT 2
| #define SIZEOF_INT 4
| #define SIZEOF_LONG 8
| #define U16 unsigned short
| #define U32 unsigned
| #define HAVE_DIRENT_H 1
| #define HAVE_SYS_SELECT_H 1
| #define HAVE_SCANDIR 1
| #define HAVE_SCANDIR_POSIX 1
| #define HAVE_VSNPRINTF 1
| #define HAVE_SNPRINTF 1
| #define HAVE_STRINGS_H 1
| #define HAVE_STRCASECMP 1
| #define HAVE_STRLCAT 1
| #define HAVE_STRLCPY 1
| #define HAVE_LOCALE_H 1
| #define HAVE_LOCALECONV 1
| #define HAVE_LONG_LONG 1
| #define HAVE_DLSYM 1
| #define HAVE_DLFCN_H 1
| #define HAVE_LIBJPEG 1
| #define HAVE_LIBZ 1
| #define HAVE_PNG_H 1
| #define HAVE_LIBPNG 1
| #define HAVE_PNG_GET_VALID 1
| #define HAVE_PNG_SET_TRNS_TO_ALPHA 1
| #define HAVE_PTHREAD_H 1
| /* end confdefs.h.  */
| #include <pthread.h>
| int
| main ()
| {
| pthread_create(0, 0, 0, 0);
|   ;
|   return 0;
| }
configure:6574: result: no
configure:6552: checking for pthread_create using -lpthread
configure:6567: gcc -o conftest    conftest.c -lpthread  >&5
conftest.c:50:26: warning: null passed to a callee that requires a non-null argument [-Wnonnull]
pthread_create(0, 0, 0, 0);
               ~         ^
conftest.c:50:26: warning: null passed to a callee that requires a non-null argument [-Wnonnull]
pthread_create(0, 0, 0, 0);
                     ~   ^
2 warnings generated.
configure:6567: $? = 0
configure:6574: result: yes
configure:8355: checking if GCC supports -fno-exceptions
configure:8370: gcc -c  -fno-exceptions  conftest.c >&5
configure:8370: $? = 0
configure:8372: result: yes
configure:8382: checking if GCC supports -fno-strict-aliasing
configure:8397: gcc -c  -fno-strict-aliasing  conftest.c >&5
configure:8397: $? = 0
configure:8399: result: yes
configure:8409: checking if ld supports -no-undefined
configure:8424: gcc -o conftest    -Wl,-no-undefined conftest.c -lpthread  -framework Cocoa >&5
ld: unknown option: -no-undefined
clang: error: linker command failed with exit code 1 (use -v to see invocation)
configure:8424: $? = 1
configure: failed program was:
| /* confdefs.h */
| #define PACKAGE_NAME ""
| #define PACKAGE_TARNAME ""
| #define PACKAGE_VERSION ""
| #define PACKAGE_STRING ""
| #define PACKAGE_BUGREPORT ""
| #define PACKAGE_URL ""
| #define STDC_HEADERS 1
| #define HAVE_SYS_TYPES_H 1
| #define HAVE_SYS_STAT_H 1
| #define HAVE_STDLIB_H 1
| #define HAVE_STRING_H 1
| #define HAVE_MEMORY_H 1
| #define HAVE_STRINGS_H 1
| #define HAVE_INTTYPES_H 1
| #define HAVE_STDINT_H 1
| #define HAVE_UNISTD_H 1
| #define SIZEOF_SHORT 2
| #define SIZEOF_INT 4
| #define SIZEOF_LONG 8
| #define U16 unsigned short
| #define U32 unsigned
| #define HAVE_DIRENT_H 1
| #define HAVE_SYS_SELECT_H 1
| #define HAVE_SCANDIR 1
| #define HAVE_SCANDIR_POSIX 1
| #define HAVE_VSNPRINTF 1
| #define HAVE_SNPRINTF 1
| #define HAVE_STRINGS_H 1
| #define HAVE_STRCASECMP 1
| #define HAVE_STRLCAT 1
| #define HAVE_STRLCPY 1
| #define HAVE_LOCALE_H 1
| #define HAVE_LOCALECONV 1
| #define HAVE_LONG_LONG 1
| #define HAVE_DLSYM 1
| #define HAVE_DLFCN_H 1
| #define HAVE_LIBJPEG 1
| #define HAVE_LIBZ 1
| #define HAVE_PNG_H 1
| #define HAVE_LIBPNG 1
| #define HAVE_PNG_GET_VALID 1
| #define HAVE_PNG_SET_TRNS_TO_ALPHA 1
| #define HAVE_PTHREAD_H 1
| #define HAVE_PTHREAD 1
| #define __APPLE_QUARTZ__ 1
| #define HAVE_PTHREAD 1
| #define HAVE_GL 1
| #define HAVE_GL_GLU_H 1
| /* end confdefs.h.  */
| 
| int
| main ()
| {
| 
|   ;
|   return 0;
| }
configure:8429: result: no
configure:8437: checking if ld supports -Bsymbolic-functions
configure:8452: gcc -o conftest    -Wl,-Bsymbolic-functions conftest.c -lpthread  -framework Cocoa >&5
ld: unknown option: -Bsymbolic-functions
clang: error: linker command failed with exit code 1 (use -v to see invocation)
configure:8452: $? = 1
configure: failed program was:
| /* confdefs.h */
| #define PACKAGE_NAME ""
| #define PACKAGE_TARNAME ""
| #define PACKAGE_VERSION ""
| #define PACKAGE_STRING ""
| #define PACKAGE_BUGREPORT ""
| #define PACKAGE_URL ""
| #define STDC_HEADERS 1
| #define HAVE_SYS_TYPES_H 1
| #define HAVE_SYS_STAT_H 1
| #define HAVE_STDLIB_H 1
| #define HAVE_STRING_H 1
| #define HAVE_MEMORY_H 1
| #define HAVE_STRINGS_H 1
| #define HAVE_INTTYPES_H 1
| #define HAVE_STDINT_H 1
| #define HAVE_UNISTD_H 1
| #define SIZEOF_SHORT 2
| #define SIZEOF_INT 4
| #define SIZEOF_LONG 8
| #define U16 unsigned short
| #define U32 unsigned
| #define HAVE_DIRENT_H 1
| #define HAVE_SYS_SELECT_H 1
| #define HAVE_SCANDIR 1
| #define HAVE_SCANDIR_POSIX 1
| #define HAVE_VSNPRINTF 1
| #define HAVE_SNPRINTF 1
| #define HAVE_STRINGS_H 1
| #define HAVE_STRCASECMP 1
| #define HAVE_STRLCAT 1
| #define HAVE_STRLCPY 1
| #define HAVE_LOCALE_H 1
| #define HAVE_LOCALECONV 1
| #define HAVE_LONG_LONG 1
| #define HAVE_DLSYM 1
| #define HAVE_DLFCN_H 1
| #define HAVE_LIBJPEG 1
| #define HAVE_LIBZ 1
| #define HAVE_PNG_H 1
| #define HAVE_LIBPNG 1
| #define HAVE_PNG_GET_VALID 1
| #define HAVE_PNG_SET_TRNS_TO_ALPHA 1
| #define HAVE_PTHREAD_H 1
| #define HAVE_PTHREAD 1
| #define __APPLE_QUARTZ__ 1
| #define HAVE_PTHREAD 1
| #define HAVE_GL 1
| #define HAVE_GL_GLU_H 1
| /* end confdefs.h.  */
| 
| int
| main ()
| {
| 
|   ;
|   return 0;
| }
configure:8457: result: no
configure:8465: checking if toolchain supports sections
configure:8482: gcc -o conftest  -ffunction-sections -fdata-sections   -Wl,-gc-sections conftest.c -lpthread  -framework Cocoa >&5
ld: unknown option: -gc-sections
clang: error: linker command failed with exit code 1 (use -v to see invocation)
configure:8482: $? = 1
configure: failed program was:
| /* confdefs.h */
| #define PACKAGE_NAME ""
| #define PACKAGE_TARNAME ""
| #define PACKAGE_VERSION ""
| #define PACKAGE_STRING ""
| #define PACKAGE_BUGREPORT ""
| #define PACKAGE_URL ""
| #define STDC_HEADERS 1
| #define HAVE_SYS_TYPES_H 1
| #define HAVE_SYS_STAT_H 1
| #define HAVE_STDLIB_H 1
| #define HAVE_STRING_H 1
| #define HAVE_MEMORY_H 1
| #define HAVE_STRINGS_H 1
| #define HAVE_INTTYPES_H 1
| #define HAVE_STDINT_H 1
| #define HAVE_UNISTD_H 1
| #define SIZEOF_SHORT 2
| #define SIZEOF_INT 4
| #define SIZEOF_LONG 8
| #define U16 unsigned short
| #define U32 unsigned
| #define HAVE_DIRENT_H 1
| #define HAVE_SYS_SELECT_H 1
| #define HAVE_SCANDIR 1
| #define HAVE_SCANDIR_POSIX 1
| #define HAVE_VSNPRINTF 1
| #define HAVE_SNPRINTF 1
| #define HAVE_STRINGS_H 1
| #define HAVE_STRCASECMP 1
| #define HAVE_STRLCAT 1
| #define HAVE_STRLCPY 1
| #define HAVE_LOCALE_H 1
| #define HAVE_LOCALECONV 1
| #define HAVE_LONG_LONG 1
| #define HAVE_DLSYM 1
| #define HAVE_DLFCN_H 1
| #define HAVE_LIBJPEG 1
| #define HAVE_LIBZ 1
| #define HAVE_PNG_H 1
| #define HAVE_LIBPNG 1
| #define HAVE_PNG_GET_VALID 1
| #define HAVE_PNG_SET_TRNS_TO_ALPHA 1
| #define HAVE_PTHREAD_H 1
| #define HAVE_PTHREAD 1
| #define __APPLE_QUARTZ__ 1
| #define HAVE_PTHREAD 1
| #define HAVE_GL 1
| #define HAVE_GL_GLU_H 1
| /* end confdefs.h.  */
| 
| int
| main ()
| {
| 
|   ;
|   return 0;
| }
configure:8488: result: no
configure:8889: creating ./config.status

## ---------------------- ##
## Running config.status. ##
## ---------------------- ##

This file was extended by config.status, which was
generated by GNU Autoconf 2.69.  Invocation command line was

  CONFIG_FILES    = 
  CONFIG_HEADERS  = 
  CONFIG_LINKS    = 
  CONFIG_COMMANDS = 
  $ ./config.status 

on JIaqideMacBook-Pro.local

config.status:929: creating makeinclude
config.status:929: creating fltk.list
config.status:929: creating fltk-config
config.status:929: creating fltk.spec
config.status:929: creating FL/Makefile
config.status:929: creating config.h
config.status:929: creating FL/abi-version.h

## ---------------- ##
## Cache variables. ##
## ---------------- ##

ac_cv_build=x86_64-apple-darwin18.7.0
ac_cv_c_compiler_gnu=yes
ac_cv_c_long_long=yes
ac_cv_cxx_bool=yes
ac_cv_cxx_compiler_gnu=yes
ac_cv_cxx_scandir_posix=yes
ac_cv_env_CCC_set=
ac_cv_env_CCC_value=
ac_cv_env_CC_set=
ac_cv_env_CC_value=
ac_cv_env_CFLAGS_set=
ac_cv_env_CFLAGS_value=
ac_cv_env_CPPFLAGS_set=
ac_cv_env_CPPFLAGS_value=
ac_cv_env_CPP_set=
ac_cv_env_CPP_value=
ac_cv_env_CXXFLAGS_set=
ac_cv_env_CXXFLAGS_value=
ac_cv_env_CXX_set=
ac_cv_env_CXX_value=
ac_cv_env_LDFLAGS_set=
ac_cv_env_LDFLAGS_value=
ac_cv_env_LIBS_set=
ac_cv_env_LIBS_value=
ac_cv_env_XMKMF_set=
ac_cv_env_XMKMF_value=
ac_cv_env_build_alias_set=
ac_cv_env_build_alias_value=
ac_cv_env_host_alias_set=
ac_cv_env_host_alias_value=
ac_cv_env_target_alias_set=
ac_cv_env_target_alias_value=
ac_cv_func_localeconv=yes
ac_cv_func_snprintf=yes
ac_cv_func_strcasecmp=yes
ac_cv_func_strlcat=yes
ac_cv_func_strlcpy=yes
ac_cv_func_vsnprintf=yes
ac_cv_header_dirent_dirent_h=yes
ac_cv_header_dlfcn_h=yes
ac_cv_header_inttypes_h=yes
ac_cv_header_libpng_png_h=no
ac_cv_header_locale_h=yes
ac_cv_header_memory_h=yes
ac_cv_header_png_h=yes
ac_cv_header_pthread_h=yes
ac_cv_header_stdc=yes
ac_cv_header_stdint_h=yes
ac_cv_header_stdlib_h=yes
ac_cv_header_string_h=yes
ac_cv_header_strings_h=yes
ac_cv_header_sys_select_h=yes
ac_cv_header_sys_stat_h=yes
ac_cv_header_sys_stdtypes_h=no
ac_cv_header_sys_types_h=yes
ac_cv_header_unistd_h=yes
ac_cv_header_zlib_h=yes
ac_cv_host=x86_64-apple-darwin18.7.0
ac_cv_lib_jpeg_jpeg_CreateCompress=no
ac_cv_lib_png_png_get_valid=yes
ac_cv_lib_png_png_read_info=yes
ac_cv_lib_png_png_set_tRNS_to_alpha=yes
ac_cv_lib_z_gzgets=yes
ac_cv_objext=o
ac_cv_path_EGREP='/usr/bin/grep -E'
ac_cv_path_GREP=/usr/bin/grep
ac_cv_path_NROFF=/usr/bin/nroff
ac_cv_path_ac_pt_AR=/usr/bin/ar
ac_cv_path_install='/usr/bin/install -c'
ac_cv_prog_CPP='gcc -E'
ac_cv_prog_ac_ct_CC=gcc
ac_cv_prog_ac_ct_CXX=g++
ac_cv_prog_ac_ct_RANLIB=ranlib
ac_cv_prog_cc_c89=
ac_cv_prog_cc_g=yes
ac_cv_prog_cxx_g=yes
ac_cv_search_dlsym='none required'
ac_cv_search_opendir='none required'
ac_cv_search_pow='none required'
ac_cv_sizeof_int=4
ac_cv_sizeof_long=8
ac_cv_sizeof_short=2
ac_cv_sys_file_offset_bits=no
ac_cv_sys_largefile_CC=no

## ----------------- ##
## Output variables. ##
## ----------------- ##

AR='/usr/bin/ar'
ARCHFLAGS=''
AUDIOLIBS='-framework CoreAudio'
BINARY_DIR=''
CAIRODIR=''
CAIRODSONAME=''
CAIROFLAGS=''
CAIROLIBBASENAME='libfltk_cairo.a'
CAIROLIBNAME='../lib/libfltk_cairo.a'
CAIROLIBS=''
CAT1EXT='0'
CAT3EXT='0'
CAT6EXT='0'
CC='gcc'
CFLAGS=''
CPP='gcc -E'
CPPFLAGS=''
CXX='g++'
CXXFLAGS=''
DEFS='-DHAVE_CONFIG_H'
DOXYDOC=''
DSOCOMMAND='echo'
DSOFLAGS=''
DSOLINK=''
DSONAME=''
ECHO_C='\c'
ECHO_N=''
ECHO_T=''
EGREP='/usr/bin/grep -E'
EXEEXT=''
FLDSONAME=''
FLLIBBASENAME='libfltk_forms.a'
FLLIBNAME='../lib/libfltk_forms.a'
FLTKCAIROOPTION=''
FLUID='fluid'
FL_ABI_VERSION='1.3.0'
FL_DSO_VERSION='1.3'
FL_MAJOR_VERSION='1'
FL_MINOR_VERSION='3'
FL_PATCH_VERSION='5'
FL_VERSION='1.3.5'
FTCONFIG=''
GLDEMOS='gldemos'
GLDSONAME=''
GLLIB='-framework OpenGL'
GLLIBBASENAME='libfltk_gl.a'
GLLIBNAME='../lib/libfltk_gl.a'
GREP='/usr/bin/grep'
GROFF=''
HLINKS='#'
IMAGELIBS='-lpng -lz -lfltk_jpeg '
IMGDSONAME=''
IMGLIBBASENAME='libfltk_images.a'
IMGLIBNAME='../lib/libfltk_images.a'
INSTALL_DATA='${INSTALL} -m 644'
INSTALL_DESKTOP='install-osx'
INSTALL_PROGRAM='${INSTALL}'
INSTALL_SCRIPT='${INSTALL}'
JPEG='jpeg'
JPEGINC='-I../jpeg'
LARGEFILE='-D_LARGEFILE_SOURCE -D_LARGEFILE64_SOURCE'
LDFLAGS=''
LIBBASENAME='libfltk.a'
LIBCOMMAND='/usr/bin/ar cr'
LIBEXT='.a'
LIBNAME='../lib/libfltk.a'
LIBOBJS=''
LIBS='-lpthread  -framework Cocoa'
LINKFLTK='../lib/libfltk.a'
LINKFLTKCAIRO=''
LINKFLTKFORMS='../lib/libfltk_forms.a'
LINKFLTKGL='../lib/libfltk_gl.a'
LINKFLTKIMG='../lib/libfltk_images.a'
LINKSHARED=' ../lib/libfltk_images.a ../lib/libfltk_forms.a ../lib/libfltk.a'
LTLIBOBJS=''
MAKEDEPEND='$(CXX) -M'
NROFF='/usr/bin/nroff'
OBJEXT='o'
OPTIM=' -Os -Wno-deprecated-declarations -Wall -Wunused -Wno-format-y2k  -fno-exceptions -fno-strict-aliasing'
OSX_ONLY=''
PACKAGE_BUGREPORT=''
PACKAGE_NAME=''
PACKAGE_STRING=''
PACKAGE_TARNAME=''
PACKAGE_URL=''
PACKAGE_VERSION=''
PATH_SEPARATOR=':'
PKGCONFIG=''
PNG=''
PNGINC=''
PTHREAD_FLAGS='-D_THREAD_SAFE -D_REENTRANT'
RANLIB='ranlib'
RC=''
SHAREDSUFFIX=''
SHELL='/bin/sh'
STATICIMAGELIBS='-lpng -lz $libdir/libfltk_jpeg.a '
THREADS='threads'
UNINSTALL_DESKTOP='uninstall-osx'
USEMMFILES='Yes'
XMKMF=''
XPROP=''
X_CFLAGS=''
X_EXTRA_LIBS=''
X_LIBS=''
X_PRE_LIBS=''
ZLIB=''
ZLIBINC=''
ac_ct_CC='gcc'
ac_ct_CXX='g++'
bindir='${exec_prefix}/bin'
build='x86_64-apple-darwin18.7.0'
build_alias=''
build_cpu='x86_64'
build_os='darwin18.7.0'
build_vendor='apple'
datadir='${datarootdir}'
datarootdir='${prefix}/share'
docdir='${datarootdir}/doc/${PACKAGE}'
dvidir='${docdir}'
exec_prefix='${prefix}'
host='x86_64-apple-darwin18.7.0'
host_alias=''
host_cpu='x86_64'
host_os='darwin18.7.0'
host_vendor='apple'
htmldir='${docdir}'
includedir='${prefix}/include'
infodir='${datarootdir}/info'
libdir='${exec_prefix}/lib'
libexecdir='${exec_prefix}/libexec'
localedir='${datarootdir}/locale'
localstatedir='${prefix}/var'
mandir='${datarootdir}/man'
oldincludedir='/usr/include'
pdfdir='${docdir}'
prefix='/usr/local'
program_transform_name='s,x,x,'
psdir='${docdir}'
sbindir='${exec_prefix}/sbin'
sharedstatedir='${prefix}/com'
sysconfdir='${prefix}/etc'
target_alias=''

## ----------- ##
## confdefs.h. ##
## ----------- ##

/* confdefs.h */
#define PACKAGE_NAME ""
#define PACKAGE_TARNAME ""
#define PACKAGE_VERSION ""
#define PACKAGE_STRING ""
#define PACKAGE_BUGREPORT ""
#define PACKAGE_URL ""
#define STDC_HEADERS 1
#define HAVE_SYS_TYPES_H 1
#define HAVE_SYS_STAT_H 1
#define HAVE_STDLIB_H 1
#define HAVE_STRING_H 1
#define HAVE_MEMORY_H 1
#define HAVE_STRINGS_H 1
#define HAVE_INTTYPES_H 1
#define HAVE_STDINT_H 1
#define HAVE_UNISTD_H 1
#define SIZEOF_SHORT 2
#define SIZEOF_INT 4
#define SIZEOF_LONG 8
#define U16 unsigned short
#define U32 unsigned
#define HAVE_DIRENT_H 1
#define HAVE_SYS_SELECT_H 1
#define HAVE_SCANDIR 1
#define HAVE_SCANDIR_POSIX 1
#define HAVE_VSNPRINTF 1
#define HAVE_SNPRINTF 1
#define HAVE_STRINGS_H 1
#define HAVE_STRCASECMP 1
#define HAVE_STRLCAT 1
#define HAVE_STRLCPY 1
#define HAVE_LOCALE_H 1
#define HAVE_LOCALECONV 1
#define HAVE_LONG_LONG 1
#define HAVE_DLSYM 1
#define HAVE_DLFCN_H 1
#define HAVE_LIBJPEG 1
#define HAVE_LIBZ 1
#define HAVE_PNG_H 1
#define HAVE_LIBPNG 1
#define HAVE_PNG_GET_VALID 1
#define HAVE_PNG_SET_TRNS_TO_ALPHA 1
#define HAVE_PTHREAD_H 1
#define HAVE_PTHREAD 1
#define __APPLE_QUARTZ__ 1
#define HAVE_PTHREAD 1
#define HAVE_GL 1
#define HAVE_GL_GLU_H 1
#define FLTK_DOCDIR "/usr/local/share/doc/fltk"
#define FLTK_DATADIR "/usr/local/share/fltk"

configure: exit 0
